<?xml version="1.0" encoding="UTF-8"?>
<!-- Generated by org.testng.reporters.JUnitXMLReporter -->
<testsuite ignored="0" hostname="Vishwas" failures="0" tests="6" name="Surefire test" time="0.018" errors="0" timestamp="20 Apr 2022 16:49:05 GMT">
  <testcase classname="Maven_project.Maven_Artifactid_subtype.AppiumTest" name="mobileTesting" time="0.005"/>
  <testcase classname="Maven_project.Maven_Artifactid_subtype.AppiumTest" name="mobileUI" time="0.0"/>
  <testcase classname="Maven_project.Maven_Artifactid_subtype.RestAPITest" name="RestSwiggy" time="0.0"/>
  <testcase classname="Maven_project.Maven_Artifactid_subtype.RestAPITest" name="RestZomato" time="0.001"/>
  <testcase classname="Maven_project.Maven_Artifactid_subtype.SeleniumTest" name="FlipkartLogin" time="0.0"/>
  <testcase classname="Maven_project.Maven_Artifactid_subtype.SeleniumTest" name="FlipkartLogout" time="0.001"/>
</testsuite> <!-- Surefire test -->
