<?xml version="1.0" encoding="UTF-8"?>
<testng-results ignored="0" total="4" passed="4" failed="0" skipped="0">
  <reporter-output>
  </reporter-output>
  <suite started-at="2022-04-20T17:53:55Z" name="Suite" finished-at="2022-04-20T17:53:55Z" duration-ms="20">
    <groups>
    </groups>
    <test started-at="2022-04-20T17:53:55Z" name="Test" finished-at="2022-04-20T17:53:55Z" duration-ms="20">
      <class name="Maven_project.Maven_Artifactid_subtype.SeleniumTest">
        <test-method signature="FlipkartLogin()[pri:0, instance:Maven_project.Maven_Artifactid_subtype.SeleniumTest@cc43f62]" started-at="2022-04-20T23:23:55Z" name="FlipkartLogin" finished-at="2022-04-20T23:23:55Z" duration-ms="5" status="PASS">
          <reporter-output>
          </reporter-output>
        </test-method> <!-- FlipkartLogin -->
        <test-method signature="FlipkartLogout()[pri:0, instance:Maven_project.Maven_Artifactid_subtype.SeleniumTest@cc43f62]" started-at="2022-04-20T23:23:55Z" name="FlipkartLogout" finished-at="2022-04-20T23:23:55Z" duration-ms="0" status="PASS">
          <reporter-output>
          </reporter-output>
        </test-method> <!-- FlipkartLogout -->
      </class> <!-- Maven_project.Maven_Artifactid_subtype.SeleniumTest -->
      <class name="Maven_project.Maven_Artifactid_subtype.RestAPITest">
        <test-method signature="RestSwiggy()[pri:0, instance:Maven_project.Maven_Artifactid_subtype.RestAPITest@413d1baf]" started-at="2022-04-20T23:23:55Z" name="RestSwiggy" finished-at="2022-04-20T23:23:55Z" duration-ms="0" status="PASS">
          <reporter-output>
          </reporter-output>
        </test-method> <!-- RestSwiggy -->
        <test-method signature="RestZomato()[pri:0, instance:Maven_project.Maven_Artifactid_subtype.RestAPITest@413d1baf]" started-at="2022-04-20T23:23:55Z" name="RestZomato" finished-at="2022-04-20T23:23:55Z" duration-ms="0" status="PASS">
          <reporter-output>
          </reporter-output>
        </test-method> <!-- RestZomato -->
      </class> <!-- Maven_project.Maven_Artifactid_subtype.RestAPITest -->
    </test> <!-- Test -->
  </suite> <!-- Suite -->
</testng-results>
