<?xml version="1.0" encoding="UTF-8"?>
<!-- Generated by org.testng.reporters.JUnitXMLReporter -->
<testsuite ignored="1" hostname="Vishwas" failures="0" tests="4" name="Test1" time="0.038" errors="0" timestamp="2022-04-15T17:29:41 IST">
  <testcase classname="Test.Enabled" name="bike" time="0.005"/>
  <testcase classname="Test.Enabled" name="demo1" time="0.0"/>
  <testcase classname="Test.Enabled" name="car" time="0.001"/>
  <testcase classname="Test.Enabled" name="dependent" time="0.001"/>
  <testcase classname="Test.Enabled" name="Secondtest1" time="0.0">
    <ignored/>
  </testcase> <!-- Secondtest1 -->
</testsuite> <!-- Test1 -->
