<?xml version="1.0" encoding="UTF-8"?>
<!-- Generated by org.testng.reporters.JUnitXMLReporter -->
<testsuite ignored="0" hostname="Vishwas" failures="0" tests="5" name="Before and After SUITE" time="0.013" errors="0" timestamp="2022-04-15T17:28:05 IST">
  <testcase classname="Test.CarLoan" name="ApiLogincar" time="0.001"/>
  <testcase classname="Test.CarLoan" name="mobileLogincar" time="0.001"/>
  <testcase classname="Test.CarLoan" name="mobileUIcar" time="0.001"/>
  <testcase classname="Test.CarLoan" name="mobilelogocar" time="0.001"/>
  <testcase classname="Test.CarLoan" name="webLogincar" time="0.001"/>
</testsuite> <!-- Before and After SUITE -->
