<?xml version="1.0" encoding="UTF-8"?>
<!-- Generated by org.testng.reporters.JUnitXMLReporter -->
<testsuite ignored="0" hostname="Vishwas" failures="0" tests="12" name="build" time="0.037" errors="0" timestamp="2022-04-14T20:07:55 IST">
  <testcase classname="Test.Loan" name="Secondtest" time="0.003"/>
  <testcase classname="Test.Loan" name="demo" time="0.001"/>
  <testcase classname="Test.Types" name="Carloan" time="0.001"/>
  <testcase classname="Test.Types" name="Homeloan" time="0.001"/>
  <testcase classname="Test.CarLoan" name="ApiLogincar" time="0.001"/>
  <testcase classname="Test.CarLoan" name="mobileLogincar" time="0.0"/>
  <testcase classname="Test.CarLoan" name="mobileUIcar" time="0.001"/>
  <testcase classname="Test.CarLoan" name="mobilelogocar" time="0.0"/>
  <testcase classname="Test.CarLoan" name="webLogincar" time="0.001"/>
  <testcase classname="Test.Repayment" name="method" time="0.001"/>
  <testcase classname="Test.Repayment" name="method1" time="0.001"/>
  <testcase classname="Test.Repayment" name="method2" time="0.001"/>
</testsuite> <!-- build -->
