<?xml version="1.0" encoding="UTF-8"?>
<!-- Generated by org.testng.reporters.JUnitXMLReporter -->
<testsuite ignored="2" hostname="Vishwas" failures="0" tests="6" name="Login Functionality" time="0.012" errors="0" timestamp="2022-04-14T16:39:22 IST">
  <testcase classname="Test.CarLoan" name="ApiLogincar" time="0.001"/>
  <testcase classname="Test.CarLoan" name="mobileUIcar" time="0.001"/>
  <testcase classname="Test.CarLoan" name="mobilelogocar" time="0.001"/>
  <testcase classname="Test.CarLoan" name="webLogincar" time="0.001"/>
  <testcase classname="Test.HomeLoan" name="ApiLoginHome" time="0.0"/>
  <testcase classname="Test.HomeLoan" name="webLoginHome" time="0.001"/>
  <testcase classname="Test.HomeLoan" name="mobileLoginHome" time="0.0">
    <ignored/>
  </testcase> <!-- mobileLoginHome -->
  <testcase classname="Test.CarLoan" name="mobileLogincar" time="0.0">
    <ignored/>
  </testcase> <!-- mobileLogincar -->
</testsuite> <!-- Login Functionality -->
