<?xml version="1.0" encoding="UTF-8"?>
<!-- Generated by org.testng.reporters.JUnitXMLReporter -->
<testsuite ignored="2" hostname="Vishwas" failures="0" tests="2" name="REGRASSION" time="0.032" errors="0" timestamp="2022-04-14T20:03:03 IST">
  <testcase classname="Test.Loan" name="Secondtest" time="0.006"/>
  <testcase classname="Test.Types" name="Carloan" time="0.001"/>
  <testcase classname="Test.Types" name="Homeloan" time="0.0">
    <ignored/>
  </testcase> <!-- Homeloan -->
  <testcase classname="Test.Loan" name="demo" time="0.0">
    <ignored/>
  </testcase> <!-- demo -->
</testsuite> <!-- REGRASSION -->
