<?xml version="1.0" encoding="UTF-8"?>
<!-- Generated by org.testng.reporters.JUnitXMLReporter -->
<testsuite ignored="3" hostname="Vishwas" failures="0" tests="2" name="remove only mobile" time="0.004" errors="0" timestamp="2022-04-14T16:36:59 IST">
  <testcase classname="Test.CarLoan" name="ApiLogincar" time="0.001"/>
  <testcase classname="Test.CarLoan" name="webLogincar" time="0.001"/>
  <testcase classname="Test.CarLoan" name="mobileUIcar" time="0.0">
    <ignored/>
  </testcase> <!-- mobileUIcar -->
  <testcase classname="Test.CarLoan" name="mobileLogincar" time="0.0">
    <ignored/>
  </testcase> <!-- mobileLogincar -->
  <testcase classname="Test.CarLoan" name="mobilelogocar" time="0.0">
    <ignored/>
  </testcase> <!-- mobilelogocar -->
</testsuite> <!-- remove only mobile -->
