<?xml version="1.0" encoding="UTF-8"?>
<!-- Generated by org.testng.reporters.JUnitXMLReporter -->
<testsuite ignored="3" hostname="Vishwas" failures="1" tests="2" name="Remove all mobile methods" time="0.006" errors="0" timestamp="2022-04-15T17:26:42 IST">
  <testcase classname="Test.CarLoan" name="ApiLogincar" time="0.001"/>
  <testcase classname="Test.CarLoan" name="webLogincar" time="0.0">
    <failure type="org.testng.TestNGException" message="
Parameter &amp;apos;URL&amp;apos; is required by @Test on method webLogincar but has not been marked @Optional or defined
in V:\Eclipes\TestNG\testng.xml">
      <![CDATA[org.testng.TestNGException: 
Parameter 'URL' is required by @Test on method webLogincar but has not been marked @Optional or defined
in V:\Eclipes\TestNG\testng.xml
at java.base/java.util.ArrayList.forEach(ArrayList.java:1511)
... Removed 26 stack frames]]>
    </failure>
  </testcase> <!-- webLogincar -->
  <testcase classname="Test.CarLoan" name="mobileUIcar" time="0.0">
    <ignored/>
  </testcase> <!-- mobileUIcar -->
  <testcase classname="Test.CarLoan" name="mobileLogincar" time="0.0">
    <ignored/>
  </testcase> <!-- mobileLogincar -->
  <testcase classname="Test.CarLoan" name="mobilelogocar" time="0.0">
    <ignored/>
  </testcase> <!-- mobilelogocar -->
</testsuite> <!-- Remove all mobile methods -->
