<?xml version="1.0" encoding="UTF-8"?>
<!-- Generated by org.testng.reporters.JUnitXMLReporter -->
<testsuite ignored="0" hostname="Vishwas" failures="0" tests="5" name="Test" time="0.043" errors="0" timestamp="2022-04-15T17:28:05 IST">
  <testcase classname="Test.HomeLoan" name="ApiLoginHome" time="0.005"/>
  <testcase classname="Test.HomeLoan" name="ApiLoginHome" time="0.0"/>
  <testcase classname="Test.HomeLoan" name="ApiLoginHome" time="0.001"/>
  <testcase classname="Test.HomeLoan" name="mobileLoginHome" time="0.001"/>
  <testcase classname="Test.HomeLoan" name="webLoginHome" time="0.001"/>
</testsuite> <!-- Test -->
