<?xml version="1.0" encoding="UTF-8"?>
<!-- Generated by org.testng.reporters.JUnitXMLReporter -->
<testsuite ignored="0" hostname="Vishwas" failures="0" tests="7" name="second Test" time="0.016" errors="0" timestamp="2022-04-14T19:22:27 IST">
  <testcase classname="Test.Types" name="Carloan" time="0.0"/>
  <testcase classname="Test.Types" name="Homeloan" time="0.001"/>
  <testcase classname="Test.CarLoan" name="ApiLogincar" time="0.001"/>
  <testcase classname="Test.CarLoan" name="mobileLogincar" time="0.0"/>
  <testcase classname="Test.CarLoan" name="mobileUIcar" time="0.001"/>
  <testcase classname="Test.CarLoan" name="mobilelogocar" time="0.0"/>
  <testcase classname="Test.CarLoan" name="webLogincar" time="0.001"/>
</testsuite> <!-- second Test -->
