<?xml version="1.0" encoding="UTF-8"?>
<!-- Generated by org.testng.reporters.JUnitXMLReporter -->
<testsuite ignored="0" hostname="Vishwas" failures="0" tests="5" name="Before and After SUITE" time="0.01" errors="0" timestamp="2022-04-14T19:41:55 IST">
  <testcase classname="Test.Types" name="Carloan" time="0.001"/>
  <testcase classname="Test.Types" name="Homeloan" time="0.001"/>
  <testcase classname="Test.HomeLoan" name="ApiLoginHome" time="0.001"/>
  <testcase classname="Test.HomeLoan" name="mobileLoginHome" time="0.001"/>
  <testcase classname="Test.HomeLoan" name="webLoginHome" time="0.001"/>
</testsuite> <!-- Before and After SUITE -->
