<?xml version="1.0" encoding="UTF-8"?>
<testng-results ignored="0" total="1" passed="1" failed="0" skipped="0">
  <reporter-output>
  </reporter-output>
  <suite started-at="2022-04-11T12:34:58 IST" name="Default suite" finished-at="2022-04-11T12:35:42 IST" duration-ms="43734">
    <groups>
    </groups>
    <test started-at="2022-04-11T12:34:58 IST" name="Default test" finished-at="2022-04-11T12:35:42 IST" duration-ms="43734">
      <class name="GetWindowHandles.GetWindowHandles">
        <test-method signature="Windowhandles()[pri:0, instance:GetWindowHandles.GetWindowHandles@50eac852]" started-at="2022-04-11T12:34:59 IST" name="Windowhandles" finished-at="2022-04-11T12:35:42 IST" duration-ms="43709" status="PASS">
          <reporter-output>
          </reporter-output>
        </test-method> <!-- Windowhandles -->
      </class> <!-- GetWindowHandles.GetWindowHandles -->
    </test> <!-- Default test -->
  </suite> <!-- Default suite -->
</testng-results>
